This is pdfTeX, Version 3.1415926-1.40.10 (TeX Live 2009/Debian) (format=pdflatex 2012.5.25)  1 JUN 2012 14:15
entering extended mode
 %&-line parsing enabled.
**guava
(./guava.tex
LaTeX2e <2009/09/24>
Babel <v3.8l> and hyphenation patterns for english, usenglishmax, dumylang, noh
yphenation, loaded.
(/usr/share/texmf-texlive/tex/latex/base/report.cls
Document Class: report 2007/10/19 v1.4h Standard LaTeX document class
(/usr/share/texmf-texlive/tex/latex/base/size11.clo
File: size11.clo 2007/10/19 v1.4h Standard LaTeX file (size option)
)
\c@part=\count79
\c@chapter=\count80
\c@section=\count81
\c@subsection=\count82
\c@subsubsection=\count83
\c@paragraph=\count84
\c@subparagraph=\count85
\c@figure=\count86
\c@table=\count87
\abovecaptionskip=\skip41
\belowcaptionskip=\skip42
\bibindent=\dimen102
)
(/usr/share/texmf-texlive/tex/latex/ltxmisc/a4wide.sty
Package: a4wide 1994/08/30

(/usr/share/texmf-texlive/tex/latex/ntgclass/a4.sty
Package: a4 2004/04/15 v1.2g A4 based page layout
))
(/usr/share/texmf-texlive/tex/latex/amsfonts/amssymb.sty
Package: amssymb 2009/06/22 v3.00

(/usr/share/texmf-texlive/tex/latex/amsfonts/amsfonts.sty
Package: amsfonts 2009/06/22 v3.00 Basic AMSFonts support
\@emptytoks=\toks14
\symAMSa=\mathgroup4
\symAMSb=\mathgroup5
LaTeX Font Info:    Overwriting math alphabet `\mathfrak' in version `bold'
(Font)                  U/euf/m/n --> U/euf/b/n on input line 96.
))
(/usr/share/texmf-texlive/tex/latex/base/inputenc.sty
Package: inputenc 2008/03/30 v1.1d Input encoding file
\inpenc@prehook=\toks15
\inpenc@posthook=\toks16

(/usr/share/texmf-texlive/tex/latex/base/latin1.def
File: latin1.def 2008/03/30 v1.1d Input encoding file
))
(/usr/share/texmf-texlive/tex/latex/base/makeidx.sty
Package: makeidx 2000/03/29 v1.0m Standard LaTeX package
)
\@indexfile=\write3
\openout3 = `guava.idx'.


Writing index file guava.idx
(/usr/share/texmf-texlive/tex/latex/graphics/color.sty
Package: color 2005/11/14 v1.0j Standard LaTeX Color (DPC)

(/etc/texmf/tex/latex/config/color.cfg
File: color.cfg 2007/01/18 v1.5 color configuration of teTeX/TeXLive
)
Package color Info: Driver file: pdftex.def on input line 130.

(/usr/share/texmf-texlive/tex/latex/pdftex-def/pdftex.def
File: pdftex.def 2010/03/12 v0.04p Graphics/color for pdfTeX
\Gread@gobject=\count88
))
(/usr/share/texmf-texlive/tex/latex/fancyvrb/fancyvrb.sty
Package: fancyvrb 2008/02/07

Style option: `fancyvrb' v2.7a, with DG/SPQR fixes, and firstline=lastline fix 
<2008/02/07> (tvz) (/usr/share/texmf-texlive/tex/latex/graphics/keyval.sty
Package: keyval 1999/03/16 v1.13 key=value parser (DPC)
\KV@toks@=\toks17
)
\FV@CodeLineNo=\count89
\FV@InFile=\read1
\FV@TabBox=\box26
\c@FancyVerbLine=\count90
\FV@StepNumber=\count91
\FV@OutFile=\write4
)
(/usr/share/texmf-texlive/tex/latex/psnfss/mathptmx.sty
Package: mathptmx 2005/04/12 PSNFSS-v9.2a Times w/ Math, improved (SPQR, WaS) 
LaTeX Font Info:    Redeclaring symbol font `operators' on input line 28.
LaTeX Font Info:    Overwriting symbol font `operators' in version `normal'
(Font)                  OT1/cmr/m/n --> OT1/ztmcm/m/n on input line 28.
LaTeX Font Info:    Overwriting symbol font `operators' in version `bold'
(Font)                  OT1/cmr/bx/n --> OT1/ztmcm/m/n on input line 28.
LaTeX Font Info:    Redeclaring symbol font `letters' on input line 29.
LaTeX Font Info:    Overwriting symbol font `letters' in version `normal'
(Font)                  OML/cmm/m/it --> OML/ztmcm/m/it on input line 29.
LaTeX Font Info:    Overwriting symbol font `letters' in version `bold'
(Font)                  OML/cmm/b/it --> OML/ztmcm/m/it on input line 29.
LaTeX Font Info:    Redeclaring symbol font `symbols' on input line 30.
LaTeX Font Info:    Overwriting symbol font `symbols' in version `normal'
(Font)                  OMS/cmsy/m/n --> OMS/ztmcm/m/n on input line 30.
LaTeX Font Info:    Overwriting symbol font `symbols' in version `bold'
(Font)                  OMS/cmsy/b/n --> OMS/ztmcm/m/n on input line 30.
LaTeX Font Info:    Redeclaring symbol font `largesymbols' on input line 31.
LaTeX Font Info:    Overwriting symbol font `largesymbols' in version `normal'
(Font)                  OMX/cmex/m/n --> OMX/ztmcm/m/n on input line 31.
LaTeX Font Info:    Overwriting symbol font `largesymbols' in version `bold'
(Font)                  OMX/cmex/m/n --> OMX/ztmcm/m/n on input line 31.
\symbold=\mathgroup6
\symitalic=\mathgroup7
LaTeX Font Info:    Redeclaring math alphabet \mathbf on input line 34.
LaTeX Font Info:    Overwriting math alphabet `\mathbf' in version `normal'
(Font)                  OT1/cmr/bx/n --> OT1/ptm/bx/n on input line 34.
LaTeX Font Info:    Overwriting math alphabet `\mathbf' in version `bold'
(Font)                  OT1/cmr/bx/n --> OT1/ptm/bx/n on input line 34.
LaTeX Font Info:    Redeclaring math alphabet \mathit on input line 35.
LaTeX Font Info:    Overwriting math alphabet `\mathit' in version `normal'
(Font)                  OT1/cmr/m/it --> OT1/ptm/m/it on input line 35.
LaTeX Font Info:    Overwriting math alphabet `\mathit' in version `bold'
(Font)                  OT1/cmr/bx/it --> OT1/ptm/m/it on input line 35.
LaTeX Info: Redefining \hbar on input line 50.
)
(/usr/share/texmf-texlive/tex/latex/psnfss/helvet.sty
Package: helvet 2005/04/12 PSNFSS-v9.2a (WaS) 
)
(/usr/share/texmf-texlive/tex/latex/base/fontenc.sty
Package: fontenc 2005/09/27 v1.99g Standard LaTeX package

(/usr/share/texmf-texlive/tex/latex/base/t1enc.def
File: t1enc.def 2005/09/27 v1.99g Standard LaTeX file
LaTeX Font Info:    Redeclaring font encoding T1 on input line 43.
))
(/usr/share/texmf-texlive/tex/latex/base/textcomp.sty
Package: textcomp 2005/09/27 v1.99g Standard LaTeX package
Package textcomp Info: Sub-encoding information:
(textcomp)               5 = only ISO-Adobe without \textcurrency
(textcomp)               4 = 5 + \texteuro
(textcomp)               3 = 4 + \textohm
(textcomp)               2 = 3 + \textestimated + \textcurrency
(textcomp)               1 = TS1 - \textcircled - \t
(textcomp)               0 = TS1 (full)
(textcomp)             Font families with sub-encoding setting implement
(textcomp)             only a restricted character set as indicated.
(textcomp)             Family '?' is the default used for unknown fonts.
(textcomp)             See the documentation for details.
Package textcomp Info: Setting ? sub-encoding to TS1/1 on input line 71.

(/usr/share/texmf-texlive/tex/latex/base/ts1enc.def
File: ts1enc.def 2001/06/05 v3.0e (jk/car/fm) Standard LaTeX file
)
LaTeX Info: Redefining \oldstylenums on input line 266.
Package textcomp Info: Setting cmr sub-encoding to TS1/0 on input line 281.
Package textcomp Info: Setting cmss sub-encoding to TS1/0 on input line 282.
Package textcomp Info: Setting cmtt sub-encoding to TS1/0 on input line 283.
Package textcomp Info: Setting cmvtt sub-encoding to TS1/0 on input line 284.
Package textcomp Info: Setting cmbr sub-encoding to TS1/0 on input line 285.
Package textcomp Info: Setting cmtl sub-encoding to TS1/0 on input line 286.
Package textcomp Info: Setting ccr sub-encoding to TS1/0 on input line 287.
Package textcomp Info: Setting ptm sub-encoding to TS1/4 on input line 288.
Package textcomp Info: Setting pcr sub-encoding to TS1/4 on input line 289.
Package textcomp Info: Setting phv sub-encoding to TS1/4 on input line 290.
Package textcomp Info: Setting ppl sub-encoding to TS1/3 on input line 291.
Package textcomp Info: Setting pag sub-encoding to TS1/4 on input line 292.
Package textcomp Info: Setting pbk sub-encoding to TS1/4 on input line 293.
Package textcomp Info: Setting pnc sub-encoding to TS1/4 on input line 294.
Package textcomp Info: Setting pzc sub-encoding to TS1/4 on input line 295.
Package textcomp Info: Setting bch sub-encoding to TS1/4 on input line 296.
Package textcomp Info: Setting put sub-encoding to TS1/5 on input line 297.
Package textcomp Info: Setting uag sub-encoding to TS1/5 on input line 298.
Package textcomp Info: Setting ugq sub-encoding to TS1/5 on input line 299.
Package textcomp Info: Setting ul8 sub-encoding to TS1/4 on input line 300.
Package textcomp Info: Setting ul9 sub-encoding to TS1/4 on input line 301.
Package textcomp Info: Setting augie sub-encoding to TS1/5 on input line 302.
Package textcomp Info: Setting dayrom sub-encoding to TS1/3 on input line 303.
Package textcomp Info: Setting dayroms sub-encoding to TS1/3 on input line 304.

Package textcomp Info: Setting pxr sub-encoding to TS1/0 on input line 305.
Package textcomp Info: Setting pxss sub-encoding to TS1/0 on input line 306.
Package textcomp Info: Setting pxtt sub-encoding to TS1/0 on input line 307.
Package textcomp Info: Setting txr sub-encoding to TS1/0 on input line 308.
Package textcomp Info: Setting txss sub-encoding to TS1/0 on input line 309.
Package textcomp Info: Setting txtt sub-encoding to TS1/0 on input line 310.
Package textcomp Info: Setting futs sub-encoding to TS1/4 on input line 311.
Package textcomp Info: Setting futx sub-encoding to TS1/4 on input line 312.
Package textcomp Info: Setting futj sub-encoding to TS1/4 on input line 313.
Package textcomp Info: Setting hlh sub-encoding to TS1/3 on input line 314.
Package textcomp Info: Setting hls sub-encoding to TS1/3 on input line 315.
Package textcomp Info: Setting hlst sub-encoding to TS1/3 on input line 316.
Package textcomp Info: Setting hlct sub-encoding to TS1/5 on input line 317.
Package textcomp Info: Setting hlx sub-encoding to TS1/5 on input line 318.
Package textcomp Info: Setting hlce sub-encoding to TS1/5 on input line 319.
Package textcomp Info: Setting hlcn sub-encoding to TS1/5 on input line 320.
Package textcomp Info: Setting hlcw sub-encoding to TS1/5 on input line 321.
Package textcomp Info: Setting hlcf sub-encoding to TS1/5 on input line 322.
Package textcomp Info: Setting pplx sub-encoding to TS1/3 on input line 323.
Package textcomp Info: Setting pplj sub-encoding to TS1/3 on input line 324.
Package textcomp Info: Setting ptmx sub-encoding to TS1/4 on input line 325.
Package textcomp Info: Setting ptmj sub-encoding to TS1/4 on input line 326.
)
(/usr/share/texmf-texlive/tex/latex/hyperref/hyperref.sty
Package: hyperref 2009/10/09 v6.79a Hypertext links for LaTeX

(/usr/share/texmf-texlive/tex/generic/oberdiek/ifpdf.sty
Package: ifpdf 2009/04/10 v2.0 Provides the ifpdf switch (HO)
Package ifpdf Info: pdfTeX in pdf mode detected.
)
(/usr/share/texmf-texlive/tex/generic/oberdiek/ifvtex.sty
Package: ifvtex 2008/11/04 v1.4 Switches for detecting VTeX and its modes (HO)
Package ifvtex Info: VTeX not detected.
)
(/usr/share/texmf-texlive/tex/generic/ifxetex/ifxetex.sty
Package: ifxetex 2009/01/23 v0.5 Provides ifxetex conditional
)
(/usr/share/texmf-texlive/tex/latex/oberdiek/hycolor.sty
Package: hycolor 2009/10/02 v1.5 Code for color options of hyperref/bookmark (H
O)

(/usr/share/texmf-texlive/tex/latex/oberdiek/xcolor-patch.sty
Package: xcolor-patch 2009/10/02 xcolor patch
))
\@linkdim=\dimen103
\Hy@linkcounter=\count92
\Hy@pagecounter=\count93

(/usr/share/texmf-texlive/tex/latex/hyperref/pd1enc.def
File: pd1enc.def 2009/10/09 v6.79a Hyperref: PDFDocEncoding definition (HO)
)
(/usr/share/texmf-texlive/tex/generic/oberdiek/etexcmds.sty
Package: etexcmds 2007/12/12 v1.2 Prefix for e-TeX command names (HO)

(/usr/share/texmf-texlive/tex/generic/oberdiek/infwarerr.sty
Package: infwarerr 2007/09/09 v1.2 Providing info/warning/message (HO)
)
Package etexcmds Info: Could not find \expanded.
(etexcmds)             That can mean that you are not using pdfTeX 1.50 or
(etexcmds)             that some package has redefined \expanded.
(etexcmds)             In the latter case, load this package earlier.
)
(/usr/share/texmf-texlive/tex/latex/latexconfig/hyperref.cfg
File: hyperref.cfg 2002/06/06 v1.2 hyperref configuration of TeXLive
)
(/usr/share/texmf-texlive/tex/latex/oberdiek/kvoptions.sty
Package: kvoptions 2009/08/13 v3.4 Keyval support for LaTeX options (HO)

(/usr/share/texmf-texlive/tex/generic/oberdiek/kvsetkeys.sty
Package: kvsetkeys 2009/07/30 v1.5 Key value parser with default handler suppor
t (HO)
))
Package hyperref Info: Option `bookmarks' set `true' on input line 2864.
Package hyperref Info: Option `colorlinks' set `true' on input line 2864.
Package hyperref Info: Option `breaklinks' set `true' on input line 2864.
Package hyperref Info: Hyper figures OFF on input line 2975.
Package hyperref Info: Link nesting OFF on input line 2980.
Package hyperref Info: Hyper index ON on input line 2983.
Package hyperref Info: Plain pages OFF on input line 2990.
Package hyperref Info: Backreferencing ON on input line 2993.

Implicit mode ON; LaTeX internals redefined
Package hyperref Info: Bookmarks ON on input line 3191.
(/usr/share/texmf-texlive/tex/latex/hyperref/backref.sty
Package: backref 2006/09/05 v1.28 Bibliographical back referencing
)
(/usr/share/texmf-texlive/tex/latex/ltxmisc/url.sty
\Urlmuskip=\muskip10
Package: url 2006/04/12  ver 3.3  Verb mode for urls, etc.
)
LaTeX Info: Redefining \url on input line 3428.

(/usr/share/texmf-texlive/tex/generic/oberdiek/bitset.sty
Package: bitset 2007/09/28 v1.0 Data type bit set (HO)

(/usr/share/texmf-texlive/tex/generic/oberdiek/intcalc.sty
Package: intcalc 2007/09/27 v1.1 Expandable integer calculations (HO)
)
(/usr/share/texmf-texlive/tex/generic/oberdiek/bigintcalc.sty
Package: bigintcalc 2007/11/11 v1.1 Expandable big integer calculations (HO)

(/usr/share/texmf-texlive/tex/generic/oberdiek/pdftexcmds.sty
Package: pdftexcmds 2009/09/23 v0.6 LuaTeX support for pdfTeX utility functions
 (HO)

(/usr/share/texmf-texlive/tex/generic/oberdiek/ifluatex.sty
Package: ifluatex 2009/04/17 v1.2 Provides the ifluatex switch (HO)
Package ifluatex Info: LuaTeX not detected.
)
(/usr/share/texmf-texlive/tex/generic/oberdiek/ltxcmds.sty
Package: ltxcmds 2009/08/05 v1.0 Some LaTeX kernel commands for general use (HO
)
)
Package pdftexcmds Info: LuaTeX not detected.
Package pdftexcmds Info: \pdf@primitive is available.
Package pdftexcmds Info: \pdf@ifprimitive is available.
)))
\Fld@menulength=\count94
\Field@Width=\dimen104
\Fld@charsize=\dimen105
\Field@toks=\toks18
Package hyperref Info: Hyper figures OFF on input line 4377.
Package hyperref Info: Link nesting OFF on input line 4382.
Package hyperref Info: Hyper index ON on input line 4385.
Package hyperref Info: backreferencing ON on input line 4390.
Package hyperref Info: Link coloring ON on input line 4395.
Package hyperref Info: Link coloring with OCG OFF on input line 4402.
Package hyperref Info: PDF/A mode OFF on input line 4407.

(/usr/share/texmf-texlive/tex/generic/oberdiek/atbegshi.sty
Package: atbegshi 2008/07/31 v1.9 At begin shipout hook (HO)
)
\Hy@abspage=\count95
\c@Item=\count96
\c@Hfootnote=\count97
)
*hyperref using driver hpdftex*
(/usr/share/texmf-texlive/tex/latex/hyperref/hpdftex.def
File: hpdftex.def 2009/10/09 v6.79a Hyperref driver for pdfTeX
\Fld@listcount=\count98
)
\pagenrlog=\write5
\openout5 = `guava.pnr'.


(/usr/share/texmf-texlive/tex/latex/enumitem/enumitem.sty
Package: enumitem 2009/05/18 v2.2 Customized lists
\enit@toks=\toks19
\labelindent=\skip43
\enit@outerparindent=\dimen106
\enitdp@desc=\count99
) (./guava.aux)
\openout1 = `guava.aux'.

LaTeX Font Info:    Checking defaults for OML/cmm/m/it on input line 87.
LaTeX Font Info:    ... okay on input line 87.
LaTeX Font Info:    Checking defaults for T1/cmr/m/n on input line 87.
LaTeX Font Info:    ... okay on input line 87.
LaTeX Font Info:    Checking defaults for OT1/cmr/m/n on input line 87.
LaTeX Font Info:    ... okay on input line 87.
LaTeX Font Info:    Checking defaults for OMS/cmsy/m/n on input line 87.
LaTeX Font Info:    ... okay on input line 87.
LaTeX Font Info:    Checking defaults for OMX/cmex/m/n on input line 87.
LaTeX Font Info:    ... okay on input line 87.
LaTeX Font Info:    Checking defaults for U/cmr/m/n on input line 87.
LaTeX Font Info:    ... okay on input line 87.
LaTeX Font Info:    Checking defaults for TS1/cmr/m/n on input line 87.
LaTeX Font Info:    Try loading font information for TS1+cmr on input line 87.

(/usr/share/texmf-texlive/tex/latex/base/ts1cmr.fd
File: ts1cmr.fd 1999/05/25 v2.5h Standard LaTeX font definitions
)
LaTeX Font Info:    ... okay on input line 87.
LaTeX Font Info:    Checking defaults for PD1/pdf/m/n on input line 87.
LaTeX Font Info:    ... okay on input line 87.
LaTeX Font Info:    Try loading font information for T1+ptm on input line 87.

(/usr/share/texmf-texlive/tex/latex/psnfss/t1ptm.fd
File: t1ptm.fd 2001/06/04 font definitions for T1/ptm.
)
(/usr/share/texmf-texlive/tex/context/base/supp-pdf.mkii
[Loading MPS to PDF converter (version 2006.09.02).]
\scratchcounter=\count100
\scratchdimen=\dimen107
\scratchbox=\box27
\nofMPsegments=\count101
\nofMParguments=\count102
\everyMPshowfont=\toks20
\MPscratchCnt=\count103
\MPscratchDim=\dimen108
\MPnumerator=\count104
\everyMPtoPDFconversion=\toks21
)
\big@size=\dimen109
Package hyperref Info: Link coloring ON on input line 87.
 (/usr/share/texmf-texlive/tex/latex/hyperref/nameref.sty
Package: nameref 2007/05/29 v2.31 Cross-referencing by name of section

(/usr/share/texmf-texlive/tex/latex/oberdiek/refcount.sty
Package: refcount 2008/08/11 v3.1 Data extraction from references (HO)
)
\c@section@level=\count105
)
LaTeX Info: Redefining \ref on input line 87.
LaTeX Info: Redefining \pageref on input line 87.
 (./guava.out)
(./guava.out)
\@outlinefile=\write6
\openout6 = `guava.out'.

\AtBeginShipoutBox=\box28
LaTeX Font Info:    Font shape `T1/ptm/bx/n' in size <50> not available
(Font)              Font shape `T1/ptm/b/n' tried instead on input line 93.
LaTeX Font Info:    Try loading font information for T1+phv on input line 93.
 (/usr/share/texmf-texlive/tex/latex/psnfss/t1phv.fd
File: t1phv.fd 2001/06/04 scalable font definitions for T1/phv.
)
LaTeX Font Info:    Font shape `T1/phv/bx/n' in size <50> not available
(Font)              Font shape `T1/phv/b/n' tried instead on input line 93.
LaTeX Font Info:    Font shape `T1/ptm/bx/n' in size <24.88> not available
(Font)              Font shape `T1/ptm/b/n' tried instead on input line 98.
LaTeX Font Info:    Font shape `T1/phv/bx/n' in size <24.88> not available
(Font)              Font shape `T1/phv/b/n' tried instead on input line 98.
LaTeX Font Info:    Font shape `T1/ptm/bx/n' in size <14.4> not available
(Font)              Font shape `T1/ptm/b/n' tried instead on input line 104.
LaTeX Font Info:    Font shape `T1/ptm/bx/n' in size <10> not available
(Font)              Font shape `T1/ptm/b/n' tried instead on input line 119.
LaTeX Font Info:    Try loading font information for T1+cmtt on input line 119.


(/usr/share/texmf-texlive/tex/latex/base/t1cmtt.fd
File: t1cmtt.fd 1999/05/25 v2.5h Standard LaTeX font definitions
)
Underfull \hbox (badness 10000) in paragraph at lines 117--127

 []

[1

{/var/lib/texmf/fonts/map/pdftex/updmap/pdftex.map}]
LaTeX Font Info:    Try loading font information for TS1+ptm on input line 133.


(/usr/share/texmf-texlive/tex/latex/psnfss/ts1ptm.fd
File: ts1ptm.fd 2001/06/04 font definitions for TS1/ptm.
)
Underfull \hbox (badness 10000) in paragraph at lines 162--171

 []

[2]
Underfull \hbox (badness 10000) in paragraph at lines 203--204

 []

[3] (./guava.toc
LaTeX Font Info:    Font shape `T1/ptm/bx/n' in size <10.95> not available
(Font)              Font shape `T1/ptm/b/n' tried instead on input line 1.
LaTeX Font Info:    Try loading font information for OT1+ztmcm on input line 2.

 (/usr/share/texmf-texlive/tex/latex/psnfss/ot1ztmcm.fd
File: ot1ztmcm.fd 2000/01/03 Fontinst v1.801 font definitions for OT1/ztmcm.
)
LaTeX Font Info:    Try loading font information for OML+ztmcm on input line 2.


(/usr/share/texmf-texlive/tex/latex/psnfss/omlztmcm.fd
File: omlztmcm.fd 2000/01/03 Fontinst v1.801 font definitions for OML/ztmcm.
)
LaTeX Font Info:    Try loading font information for OMS+ztmcm on input line 2.


(/usr/share/texmf-texlive/tex/latex/psnfss/omsztmcm.fd
File: omsztmcm.fd 2000/01/03 Fontinst v1.801 font definitions for OMS/ztmcm.
)
LaTeX Font Info:    Try loading font information for OMX+ztmcm on input line 2.


(/usr/share/texmf-texlive/tex/latex/psnfss/omxztmcm.fd
File: omxztmcm.fd 2000/01/03 Fontinst v1.801 font definitions for OMX/ztmcm.
)
LaTeX Font Info:    Try loading font information for OT1+ptm on input line 2.

(/usr/share/texmf-texlive/tex/latex/psnfss/ot1ptm.fd
File: ot1ptm.fd 2001/06/04 font definitions for OT1/ptm.
)
LaTeX Font Info:    Font shape `OT1/ptm/bx/n' in size <10.95> not available
(Font)              Font shape `OT1/ptm/b/n' tried instead on input line 2.
LaTeX Font Info:    Font shape `OT1/ptm/bx/n' in size <8> not available
(Font)              Font shape `OT1/ptm/b/n' tried instead on input line 2.
LaTeX Font Info:    Font shape `OT1/ptm/bx/n' in size <6> not available
(Font)              Font shape `OT1/ptm/b/n' tried instead on input line 2.
LaTeX Font Info:    Font shape `T1/phv/bx/n' in size <10.95> not available
(Font)              Font shape `T1/phv/b/n' tried instead on input line 5.
 [4

])
\tf@toc=\write7
\openout7 = `guava.toc'.

 [5]
Chapter 1.
LaTeX Font Info:    Font shape `T1/ptm/bx/n' in size <20.74> not available
(Font)              Font shape `T1/ptm/b/n' tried instead on input line 212.
LaTeX Font Info:    Font shape `T1/phv/bx/n' in size <14.4> not available
(Font)              Font shape `T1/phv/b/n' tried instead on input line 216.
[6

]
LaTeX Font Info:    Font shape `T1/cmtt/bx/n' in size <10> not available
(Font)              Font shape `T1/cmtt/m/n' tried instead on input line 291.
 [7]
Chapter 2.
[8

] [9] [10]
Chapter 3.
[11

]
LaTeX Font Info:    Font shape `T1/ptm/bx/n' in size <12> not available
(Font)              Font shape `T1/ptm/b/n' tried instead on input line 499.

Underfull \hbox (badness 10000) in paragraph at lines 502--505

 []

[12]
Underfull \hbox (badness 10000) in paragraph at lines 571--574

 []

[13]
Underfull \hbox (badness 10000) in paragraph at lines 599--602

 []

LaTeX Font Info:    Font shape `T1/cmtt/bx/n' in size <12> not available
(Font)              Font shape `T1/cmtt/m/n' tried instead on input line 626.

Underfull \hbox (badness 10000) in paragraph at lines 629--632

 []

[14]
Underfull \hbox (badness 10000) in paragraph at lines 679--682

 []


Underfull \hbox (badness 10000) in paragraph at lines 705--708

 []


Underfull \hbox (badness 10000) in paragraph at lines 717--720

 []

[15]
Underfull \hbox (badness 10000) in paragraph at lines 776--779

 []


Underfull \hbox (badness 10000) in paragraph at lines 795--798

 []

[16]
Underfull \hbox (badness 10000) in paragraph at lines 820--823

 []


Underfull \hbox (badness 10000) in paragraph at lines 846--849

 []

[17]
Underfull \hbox (badness 10000) in paragraph at lines 882--885

 []


Underfull \hbox (badness 10000) in paragraph at lines 905--908

 []


Underfull \hbox (badness 10000) in paragraph at lines 929--932

 []

[18]
Underfull \hbox (badness 10000) in paragraph at lines 958--961

 []

[19]
Chapter 4.
[20

] [21]
Underfull \hbox (badness 10000) in paragraph at lines 1078--1081

 []

[22]
Underfull \hbox (badness 10000) in paragraph at lines 1119--1122

 []


Underfull \hbox (badness 10000) in paragraph at lines 1142--1145

 []


Underfull \hbox (badness 10000) in paragraph at lines 1163--1166

 []

[23]
Underfull \hbox (badness 10000) in paragraph at lines 1188--1191

 []


Underfull \hbox (badness 10000) in paragraph at lines 1227--1230

 []


Underfull \hbox (badness 10000) in paragraph at lines 1248--1251

 []

[24]
Underfull \hbox (badness 10000) in paragraph at lines 1269--1272

 []


Underfull \hbox (badness 10000) in paragraph at lines 1289--1292

 []


Underfull \hbox (badness 10000) in paragraph at lines 1314--1317

 []

[25]
Underfull \hbox (badness 10000) in paragraph at lines 1339--1342

 []


Underfull \hbox (badness 10000) in paragraph at lines 1369--1372

 []

[26]
Underfull \hbox (badness 10000) in paragraph at lines 1393--1396

 []


Underfull \hbox (badness 10000) in paragraph at lines 1419--1422

 []


Underfull \hbox (badness 10000) in paragraph at lines 1441--1444

 []

[27]
Underfull \hbox (badness 10000) in paragraph at lines 1470--1473

 []


Underfull \hbox (badness 10000) in paragraph at lines 1496--1499

 []

[28]
Underfull \hbox (badness 10000) in paragraph at lines 1530--1533

 []


Underfull \hbox (badness 10000) in paragraph at lines 1552--1555

 []


Underfull \hbox (badness 10000) in paragraph at lines 1575--1578

 []

[29]
Underfull \hbox (badness 10000) in paragraph at lines 1606--1609

 []


Underfull \hbox (badness 10000) in paragraph at lines 1635--1638

 []

[30]
Underfull \hbox (badness 10000) in paragraph at lines 1660--1663

 []


Underfull \hbox (badness 10000) in paragraph at lines 1699--1702

 []

[31]
Underfull \hbox (badness 10000) in paragraph at lines 1731--1734

 []


Underfull \hbox (badness 10000) in paragraph at lines 1748--1751

 []


Underfull \hbox (badness 10000) in paragraph at lines 1768--1771

 []

[32]
Underfull \hbox (badness 10000) in paragraph at lines 1790--1793

 []


Underfull \hbox (badness 10000) in paragraph at lines 1814--1817

 []

[33]
Underfull \hbox (badness 10000) in paragraph at lines 1848--1851

 []


Underfull \hbox (badness 10000) in paragraph at lines 1887--1890

 []

[34]
Underfull \hbox (badness 10000) in paragraph at lines 1910--1913

 []


Underfull \hbox (badness 10000) in paragraph at lines 1937--1940

 []


Underfull \hbox (badness 10000) in paragraph at lines 1975--1978

 []

[35]
Underfull \hbox (badness 10000) in paragraph at lines 2010--2013

 []

[36]
Underfull \hbox (badness 10000) in paragraph at lines 2045--2048

 []


Underfull \hbox (badness 10000) in paragraph at lines 2069--2072

 []


Underfull \hbox (badness 10000) in paragraph at lines 2095--2098

 []

[37]
Underfull \hbox (badness 10000) in paragraph at lines 2129--2132

 []


Underfull \hbox (badness 10000) in paragraph at lines 2151--2154

 []


Underfull \hbox (badness 10000) in paragraph at lines 2174--2177

 []

[38]
Underfull \hbox (badness 10000) in paragraph at lines 2218--2221

 []

[39]
Underfull \hbox (badness 10000) in paragraph at lines 2255--2258

 []

[40] [41] [42]
Underfull \hbox (badness 10000) in paragraph at lines 2388--2391

 []


Underfull \hbox (badness 1997) in paragraph at lines 2398--2400
[]\T1/ptm/m/n/10.95 The re-sult re-turned is a record with two fields; the firs
t, \T1/cmtt/m/n/10.95 mindist\T1/ptm/m/n/10.95 , gives the low-est
 []


Underfull \hbox (badness 1348) in paragraph at lines 2398--2400
\T1/ptm/m/n/10.95 rectly, so the com-mand was only found af-ter read-ing all th
e \T1/ptm/m/it/10.95 *.gi \T1/ptm/m/n/10.95 files in the \T1/phv/m/n/10.95 GUAV
A \T1/ptm/m/n/10.95 li-
 []


Underfull \hbox (badness 10000) in paragraph at lines 2422--2425

 []

[43] [44]
Underfull \hbox (badness 10000) in paragraph at lines 2498--2501

 []

[45]
Underfull \hbox (badness 10000) in paragraph at lines 2555--2558

 []


Underfull \hbox (badness 10000) in paragraph at lines 2587--2590

 []


Underfull \hbox (badness 10000) in paragraph at lines 2612--2615

 []

[46]
Underfull \hbox (badness 10000) in paragraph at lines 2637--2640

 []


Underfull \hbox (badness 10000) in paragraph at lines 2660--2663

 []

[47]
Underfull \hbox (badness 10000) in paragraph at lines 2683--2686

 []


Underfull \hbox (badness 10000) in paragraph at lines 2717--2720

 []

[48]
Underfull \hbox (badness 10000) in paragraph at lines 2763--2766

 []

[49]
Underfull \hbox (badness 10000) in paragraph at lines 2816--2819

 []


Underfull \hbox (badness 1102) in paragraph at lines 2824--2826
[]\T1/ptm/m/n/10.95 For long codes, this method is faster in prac-tice than the
 in-ter-po-la-tion method used in
 []


Underfull \hbox (badness 10000) in paragraph at lines 2849--2852

 []

[50]
Underfull \hbox (badness 10000) in paragraph at lines 2900--2903

 []

[51]
Underfull \hbox (badness 10000) in paragraph at lines 2933--2936

 []


Underfull \hbox (badness 10000) in paragraph at lines 2974--2977

 []

[52]
Underfull \hbox (badness 10000) in paragraph at lines 3016--3019

 []

[53]
Underfull \hbox (badness 10000) in paragraph at lines 3045--3048

 []


Underfull \hbox (badness 10000) in paragraph at lines 3079--3082

 []

[54]
Underfull \hbox (badness 10000) in paragraph at lines 3103--3106

 []


Underfull \hbox (badness 10000) in paragraph at lines 3111--3113
[]\T1/ptm/m/n/10.95 This uses \T1/cmtt/m/n/10.95 AutomorphismGroup \T1/ptm/m/n/
10.95 in the bi-nary case, and (the slower)
 []


Underfull \hbox (badness 10000) in paragraph at lines 3149--3152

 []

[55]
Chapter 5.

Underfull \hbox (badness 10000) in paragraph at lines 3199--3202

 []

[56

]
Underfull \hbox (badness 10000) in paragraph at lines 3224--3227

 []


Underfull \hbox (badness 3138) in paragraph at lines 3229--3230
[]\T1/ptm/m/n/10.95 The four forms this com-mand can take are \T1/cmtt/m/n/10.9
5 HadamardCode(H,t)\T1/ptm/m/n/10.95 , \T1/cmtt/m/n/10.95 HadamardCode(H)\T1/pt
m/m/n/10.95 ,
 []


Underfull \hbox (badness 10000) in paragraph at lines 3266--3269

 []

[57]
Underfull \hbox (badness 10000) in paragraph at lines 3296--3299

 []


Underfull \hbox (badness 10000) in paragraph at lines 3331--3334

 []

[58]
Underfull \hbox (badness 1264) in paragraph at lines 3338--3339
[]\T1/ptm/m/n/10.95 The func-tion \T1/cmtt/m/n/10.95 RandomLinearCode \T1/ptm/m
/n/10.95 re-turns a ran-dom lin-ear code (see \T1/cmtt/m/n/10.95 RandomLinearCo
de
 []


Underfull \hbox (badness 10000) in paragraph at lines 3356--3359

 []


Underfull \hbox (badness 10000) in paragraph at lines 3375--3378

 []


Underfull \hbox (badness 10000) in paragraph at lines 3402--3405

 []

[59]
Underfull \hbox (badness 1430) in paragraph at lines 3436--3438
[]\T1/ptm/m/n/10.95 The next func-tions we de-scribe gen-er-ate some well-known
 codes, like Ham-ming codes
 []


Underfull \hbox (badness 10000) in paragraph at lines 3449--3452

 []

[60]
Underfull \hbox (badness 10000) in paragraph at lines 3478--3481

 []


Underfull \hbox (badness 10000) in paragraph at lines 3490--3493

 []


Underfull \hbox (badness 10000) in paragraph at lines 3519--3522

 []

[61]
Underfull \hbox (badness 10000) in paragraph at lines 3542--3545

 []


Underfull \hbox (badness 10000) in paragraph at lines 3559--3562

 []


Underfull \hbox (badness 10000) in paragraph at lines 3579--3582

 []

[62]
Underfull \hbox (badness 10000) in paragraph at lines 3618--3621

 []

[63]
Underfull \hbox (badness 10000) in paragraph at lines 3639--3642

 []


Underfull \hbox (badness 10000) in paragraph at lines 3665--3668

 []


Underfull \hbox (badness 10000) in paragraph at lines 3685--3688

 []

[64]
Underfull \hbox (badness 10000) in paragraph at lines 3736--3739

 []

[65]
Underfull \hbox (badness 10000) in paragraph at lines 3760--3763

 []


Underfull \hbox (badness 10000) in paragraph at lines 3775--3778

 []

[66] [67]
Underfull \hbox (badness 10000) in paragraph at lines 3874--3877

 []


Underfull \hbox (badness 10000) in paragraph at lines 3886--3889

 []


Underfull \hbox (badness 10000) in paragraph at lines 3898--3901

 []


Underfull \hbox (badness 10000) in paragraph at lines 3910--3913

 []


Underfull \hbox (badness 10000) in paragraph at lines 3922--3925

 []

[68]
Underfull \hbox (badness 10000) in paragraph at lines 3957--3960

 []


Underfull \hbox (badness 10000) in paragraph at lines 3980--3983

 []

[69]
Underfull \hbox (badness 10000) in paragraph at lines 4007--4010

 []


Underfull \hbox (badness 10000) in paragraph at lines 4028--4031

 []

[70]
Underfull \hbox (badness 1048) in paragraph at lines 4080--4081
[]\T1/ptm/m/n/10.95 Finally we de-scribe the triv-ial codes (see \T1/cmtt/m/n/1
0.95 WholeSpaceCode \T1/ptm/m/n/10.95 ([][]5.5.11[][]), \T1/cmtt/m/n/10.95 Null
Code \T1/ptm/m/n/10.95 ([][]5.5.12[][]),
 []


Underfull \hbox (badness 3312) in paragraph at lines 4080--4081
\T1/cmtt/m/n/10.95 RepetitionCode \T1/ptm/m/n/10.95 ([][]5.5.13[][])), and the 
com-mand \T1/cmtt/m/n/10.95 CyclicCodes \T1/ptm/m/n/10.95 which lists all cycli
c codes
 []


Underfull \hbox (badness 10000) in paragraph at lines 4085--4088

 []

[71]
Underfull \hbox (badness 10000) in paragraph at lines 4113--4116

 []


Underfull \hbox (badness 10000) in paragraph at lines 4139--4142

 []

[72]
Underfull \hbox (badness 10000) in paragraph at lines 4175--4178

 []


Underfull \hbox (badness 10000) in paragraph at lines 4215--4218

 []

[73]
Underfull \hbox (badness 10000) in paragraph at lines 4241--4244

 []


Underfull \hbox (badness 10000) in paragraph at lines 4261--4264

 []

[74]
Underfull \hbox (badness 10000) in paragraph at lines 4293--4296

 []


Underfull \hbox (badness 10000) in paragraph at lines 4305--4308

 []

[75]
Underfull \hbox (badness 10000) in paragraph at lines 4348--4351

 []


Underfull \hbox (badness 10000) in paragraph at lines 4376--4379

 []


Underfull \hbox (badness 10000) in paragraph at lines 4393--4396

 []

[76]
Underfull \hbox (badness 10000) in paragraph at lines 4412--4415

 []


Underfull \hbox (badness 10000) in paragraph at lines 4435--4438

 []


Underfull \hbox (badness 10000) in paragraph at lines 4456--4459

 []

[77]
Underfull \hbox (badness 10000) in paragraph at lines 4488--4491

 []

[78]
Underfull \hbox (badness 10000) in paragraph at lines 4555--4558

 []


Underfull \hbox (badness 10000) in paragraph at lines 4583--4586

 []

[79] [80]
Underfull \hbox (badness 10000) in paragraph at lines 4643--4646

 []


Underfull \hbox (badness 10000) in paragraph at lines 4662--4665

 []


Underfull \hbox (badness 10000) in paragraph at lines 4672--4673
[]\T1/ptm/m/n/10.95 This com-mand re-turns a "record" ob-ject \T1/cmtt/m/n/10.9
5 C \T1/ptm/m/n/10.95 with sev-eral ex-tra com-po-nents (type
 []


Underfull \hbox (badness 10000) in paragraph at lines 4697--4700

 []

[81]
Underfull \hbox (badness 10000) in paragraph at lines 4707--4708
[]\T1/ptm/m/n/10.95 This com-mand re-turns a "record" ob-ject \T1/cmtt/m/n/10.9
5 C \T1/ptm/m/n/10.95 with sev-eral ex-tra com-po-nents (type
 []


Underfull \hbox (badness 10000) in paragraph at lines 4713--4714
[]\T1/ptm/m/n/10.95 The weighted ver-sion has im-ple-mented with the op-tion
 []


Underfull \hbox (badness 10000) in paragraph at lines 4739--4742

 []

[82]
Underfull \hbox (badness 10000) in paragraph at lines 4746--4747
[]\T1/ptm/m/n/10.95 This com-mand re-turns a "record" ob-ject \T1/cmtt/m/n/10.9
5 C \T1/ptm/m/n/10.95 with sev-eral ex-tra com-po-nents (type
 []


Underfull \hbox (badness 10000) in paragraph at lines 4763--4766

 []


Underfull \hbox (badness 10000) in paragraph at lines 4784--4787

 []

[83]
Underfull \hbox (badness 10000) in paragraph at lines 4813--4816

 []


Underfull \hbox (badness 10000) in paragraph at lines 4864--4867

 []

[84]
Underfull \hbox (badness 10000) in paragraph at lines 4889--4892

 []


Underfull \hbox (badness 10000) in paragraph at lines 4919--4922

 []

[85] [86]
Underfull \hbox (badness 10000) in paragraph at lines 4993--4996

 []


Underfull \hbox (badness 10000) in paragraph at lines 5031--5034

 []


Underfull \hbox (badness 10000) in paragraph at lines 5043--5046

 []


Underfull \hbox (badness 10000) in paragraph at lines 5055--5058

 []

[87]
Underfull \hbox (badness 10000) in paragraph at lines 5067--5070

 []


Underfull \hbox (badness 10000) in paragraph at lines 5079--5082

 []


Underfull \hbox (badness 10000) in paragraph at lines 5091--5094

 []


Underfull \hbox (badness 10000) in paragraph at lines 5103--5106

 []

[88]
Underfull \hbox (badness 10000) in paragraph at lines 5180--5183

 []

[89]
Underfull \hbox (badness 10000) in paragraph at lines 5192--5195

 []


Underfull \hbox (badness 10000) in paragraph at lines 5244--5247

 []

[90] [91]
Underfull \hbox (badness 10000) in paragraph at lines 5305--5308

 []


Underfull \hbox (badness 10000) in paragraph at lines 5317--5320

 []


Underfull \hbox (badness 10000) in paragraph at lines 5329--5332

 []


Underfull \hbox (badness 10000) in paragraph at lines 5342--5345

 []

[92]
Underfull \hbox (badness 10000) in paragraph at lines 5390--5393

 []


Underfull \hbox (badness 10000) in paragraph at lines 5428--5431

 []

[93]
Underfull \hbox (badness 10000) in paragraph at lines 5492--5495

 []

[94]
Underfull \hbox (badness 10000) in paragraph at lines 5530--5533

 []


Underfull \hbox (badness 10000) in paragraph at lines 5547--5550

 []

[95]
Underfull \hbox (badness 10000) in paragraph at lines 5599--5602

 []


Underfull \hbox (badness 10000) in paragraph at lines 5609--5610
[]\T1/ptm/m/n/10.95 This com-mand re-turns a "record" ob-ject \T1/cmtt/m/n/10.9
5 C \T1/ptm/m/n/10.95 with sev-eral ex-tra com-po-nents (type
 []

[96] [97]
Underfull \hbox (badness 10000) in paragraph at lines 5669--5672

 []

[98] [99]
Chapter 6.

Underfull \hbox (badness 2197) in paragraph at lines 5770--5772
\T1/cmtt/m/n/10.95 LengthenedCode \T1/ptm/m/n/10.95 ([][]6.1.10[][]), \T1/cmtt/
m/n/10.95 ResidueCode \T1/ptm/m/n/10.95 ([][]6.1.12[][]), \T1/cmtt/m/n/10.95 Co
nstructionBCode \T1/ptm/m/n/10.95 ([][]6.1.13[][]), \T1/cmtt/m/n/10.95 DualCode

 []


Underfull \hbox (badness 10000) in paragraph at lines 5780--5783

 []

[100

]
Underfull \hbox (badness 5147) in paragraph at lines 5808--5810
\T1/ptm/m/n/10.95 To undo ex-tend-ing, call \T1/cmtt/m/n/10.95 PuncturedCode \T
1/ptm/m/n/10.95 (see \T1/cmtt/m/n/10.95 PuncturedCode \T1/ptm/m/n/10.95 ([][]6.
1.2[][])). The func-tion
 []


Underfull \hbox (badness 10000) in paragraph at lines 5814--5817

 []


Underfull \hbox (badness 10000) in paragraph at lines 5847--5850

 []

[101]
Underfull \hbox (badness 10000) in paragraph at lines 5875--5878

 []


Underfull \hbox (badness 10000) in paragraph at lines 5904--5907

 []

[102]
Underfull \hbox (badness 10000) in paragraph at lines 5930--5933

 []


Underfull \hbox (badness 10000) in paragraph at lines 5965--5968

 []

[103]
Underfull \hbox (badness 10000) in paragraph at lines 5990--5993

 []


Underfull \hbox (badness 10000) in paragraph at lines 6015--6018

 []

[104]
Underfull \hbox (badness 6412) in paragraph at lines 6052--6053
\T1/ptm/m/n/10.95 The func-tion \T1/cmtt/m/n/10.95 LengthenedCode \T1/ptm/m/n/1
0.95 length-ens the code again (only for lin-ear codes), see
 []


Underfull \hbox (badness 10000) in paragraph at lines 6057--6060

 []


Underfull \hbox (badness 10000) in paragraph at lines 6078--6081

 []

[105]
Underfull \hbox (badness 10000) in paragraph at lines 6108--6111

 []


Underfull \hbox (badness 10000) in paragraph at lines 6132--6135

 []

[106]
Underfull \hbox (badness 10000) in paragraph at lines 6167--6170

 []


Underfull \hbox (badness 10000) in paragraph at lines 6197--6200

 []

[107]
Underfull \hbox (badness 10000) in paragraph at lines 6225--6228

 []


Underfull \hbox (badness 10000) in paragraph at lines 6254--6257

 []

[108]
Underfull \hbox (badness 10000) in paragraph at lines 6282--6285

 []


Underfull \hbox (badness 10000) in paragraph at lines 6316--6319

 []

[109]
Underfull \hbox (badness 10000) in paragraph at lines 6352--6355

 []


Underfull \hbox (badness 10000) in paragraph at lines 6390--6393

 []

[110]
Underfull \hbox (badness 10000) in paragraph at lines 6418--6421

 []


Underfull \hbox (badness 10000) in paragraph at lines 6448--6451

 []

[111]
Underfull \hbox (badness 10000) in paragraph at lines 6471--6474

 []


Underfull \hbox (badness 10000) in paragraph at lines 6499--6502

 []

[112]
Underfull \hbox (badness 10000) in paragraph at lines 6528--6531

 []


Underfull \hbox (badness 10000) in paragraph at lines 6558--6561

 []

[113]
Underfull \hbox (badness 10000) in paragraph at lines 6595--6598

 []


Underfull \hbox (badness 10000) in paragraph at lines 6623--6626

 []

[114]
Underfull \hbox (badness 10000) in paragraph at lines 6672--6675

 []

[115]
Underfull \hbox (badness 10000) in paragraph at lines 6727--6730

 []


Underfull \hbox (badness 10000) in paragraph at lines 6745--6748

 []

[116] [117]
Chapter 7.

Underfull \hbox (badness 3514) in paragraph at lines 6821--6823
[]\T1/ptm/m/n/10.95 Firstly, we de-scribe func-tions that com-pute spe-cific up
-per bounds on the code size
 []


Underfull \hbox (badness 10000) in paragraph at lines 6836--6839

 []

[118

]
Underfull \hbox (badness 10000) in paragraph at lines 6859--6862

 []


Underfull \hbox (badness 10000) in paragraph at lines 6883--6886

 []

[119]
Underfull \hbox (badness 10000) in paragraph at lines 6904--6907

 []


Underfull \hbox (badness 10000) in paragraph at lines 6932--6935

 []


Underfull \hbox (badness 10000) in paragraph at lines 6955--6958

 []

[120]
Underfull \hbox (badness 10000) in paragraph at lines 6980--6983

 []


Underfull \hbox (badness 10000) in paragraph at lines 7001--7004

 []


Underfull \hbox (badness 10000) in paragraph at lines 7021--7024

 []

[121]
Underfull \hbox (badness 10000) in paragraph at lines 7045--7048

 []


Underfull \hbox (badness 10000) in paragraph at lines 7073--7076

 []

[122]
Underfull \hbox (badness 10000) in paragraph at lines 7093--7096

 []


Underfull \hbox (badness 10000) in paragraph at lines 7118--7121

 []


Underfull \hbox (badness 10000) in paragraph at lines 7131--7132
[]\T1/ptm/m/n/10.95 The re-sult-ing record can be used in the func-tion \T1/cmt
t/m/n/10.95 BestKnownLinearCode \T1/ptm/m/n/10.95 (see
 []


Underfull \hbox (badness 1983) in paragraph at lines 7131--7132
\T1/cmtt/m/n/10.95 BestKnownLinearCode \T1/ptm/m/n/10.95 ([][]5.2.14[][])) to c
on-struct a code with min-i-mum dis-tance equal to the
 []

[123]
Underfull \hbox (badness 10000) in paragraph at lines 7164--7167

 []


Underfull \hbox (badness 10000) in paragraph at lines 7172--7173
[]\T1/ptm/m/n/10.95 If the cov-er-ing ra-dius of [] is known, a list of length 
1 is re-turned.
 []


Underfull \hbox (badness 3396) in paragraph at lines 7172--7173
\T1/cmtt/m/n/10.95 BoundsCoveringRadius \T1/ptm/m/n/10.95 makes use of the func
-tions \T1/cmtt/m/n/10.95 GeneralLowerBoundCoveringRadius
 []


Underfull \hbox (badness 10000) in paragraph at lines 7186--7189

 []

[124]
Underfull \hbox (badness 10000) in paragraph at lines 7267--7270

 []

[125]
Underfull \hbox (badness 10000) in paragraph at lines 7291--7294

 []


Underfull \hbox (badness 10000) in paragraph at lines 7314--7317

 []

[126]
Underfull \hbox (badness 10000) in paragraph at lines 7336--7339

 []


Overfull \hbox (11.42516pt too wide) in paragraph at lines 7341--7342
[]\T1/ptm/m/n/10.95 This com-mand can also be called us-ing the syn-tax \T1/cmt
t/m/n/10.95 LowerBoundCoveringRadiusSphereCovering(
 []


Underfull \hbox (badness 10000) in paragraph at lines 7366--7369

 []

[127]
Underfull \hbox (badness 10000) in paragraph at lines 7400--7403

 []


Underfull \hbox (badness 10000) in paragraph at lines 7436--7439

 []

[128]
Underfull \hbox (badness 10000) in paragraph at lines 7473--7476

 []


Underfull \hbox (badness 2662) in paragraph at lines 7478--7480
[]\T1/ptm/m/n/10.95 This com-mand can also be called with \T1/cmtt/m/n/10.95 Lo
werBoundCoveringRadiusEmbedded1( n, r
 []


Underfull \hbox (badness 10000) in paragraph at lines 7487--7488
[]\T1/ptm/m/n/10.95 Sometimes \T1/cmtt/m/n/10.95 LowerBoundCoveringRadiusEmbedd
ed1 \T1/ptm/m/n/10.95 is bet-ter than
 []


Underfull \hbox (badness 10000) in paragraph at lines 7508--7511

 []

[129]
Underfull \hbox (badness 2662) in paragraph at lines 7513--7515
[]\T1/ptm/m/n/10.95 This com-mand can also be called with \T1/cmtt/m/n/10.95 Lo
werBoundCoveringRadiusEmbedded2( n, r
 []


Underfull \hbox (badness 10000) in paragraph at lines 7522--7523
[]\T1/ptm/m/n/10.95 Sometimes \T1/cmtt/m/n/10.95 LowerBoundCoveringRadiusEmbedd
ed1 \T1/ptm/m/n/10.95 is bet-ter than
 []


Underfull \hbox (badness 10000) in paragraph at lines 7543--7546

 []


Underfull \hbox (badness 10000) in paragraph at lines 7573--7576

 []

[130]
Underfull \hbox (badness 10000) in paragraph at lines 7595--7598

 []


Underfull \hbox (badness 10000) in paragraph at lines 7618--7621

 []


Underfull \hbox (badness 10000) in paragraph at lines 7643--7646

 []

[131]
Underfull \hbox (badness 10000) in paragraph at lines 7667--7670

 []


Underfull \hbox (badness 10000) in paragraph at lines 7705--7708

 []

[132]
Underfull \hbox (badness 10000) in paragraph at lines 7733--7736

 []


Underfull \hbox (badness 10000) in paragraph at lines 7759--7762

 []

[133]
Underfull \hbox (badness 10000) in paragraph at lines 7782--7785

 []


Underfull \hbox (badness 10000) in paragraph at lines 7812--7815

 []

[134]
Underfull \hbox (badness 10000) in paragraph at lines 7835--7838

 []

[135]
Underfull \hbox (badness 10000) in paragraph at lines 7886--7889

 []


Underfull \hbox (badness 10000) in paragraph at lines 7909--7912

 []


Underfull \hbox (badness 10000) in paragraph at lines 7930--7933

 []

[136]
Underfull \hbox (badness 10000) in paragraph at lines 7962--7965

 []


Underfull \hbox (badness 10000) in paragraph at lines 7973--7974
[]\T1/cmtt/m/n/10.95 ConversionFieldCode \T1/ptm/m/n/10.95 uses hor-i-zon-tal c
on-ver-sion to con-vert a code (see
 []


Underfull \hbox (badness 3492) in paragraph at lines 7990--7991
\T1/ptm/m/n/10.95 A sim-i-lar func-tion is \T1/cmtt/m/n/10.95 VerticalConversio
nFieldMat \T1/ptm/m/n/10.95 (see \T1/cmtt/m/n/10.95 VerticalConversionFieldMat
 []


Underfull \hbox (badness 10000) in paragraph at lines 7995--7998

 []

[137]
Underfull \hbox (badness 10000) in paragraph at lines 8036--8039

 []


Underfull \hbox (badness 10000) in paragraph at lines 8055--8058

 []

[138]
Underfull \hbox (badness 10000) in paragraph at lines 8087--8090

 []


Underfull \hbox (badness 10000) in paragraph at lines 8106--8109

 []


Underfull \hbox (badness 10000) in paragraph at lines 8124--8127

 []

[139]
Underfull \hbox (badness 10000) in paragraph at lines 8142--8145

 []


Underfull \hbox (badness 10000) in paragraph at lines 8163--8166

 []


Underfull \hbox (badness 10000) in paragraph at lines 8195--8198

 []

[140]
Underfull \hbox (badness 10000) in paragraph at lines 8217--8220

 []


Underfull \hbox (badness 2626) in paragraph at lines 8226--8227
[]\T1/ptm/m/n/10.95 If [] is a code-word, then \T1/cmtt/m/n/10.95 CodeDistanceE
numerator \T1/ptm/m/n/10.95 re-turns the same poly-no-mial as
 []


Underfull \hbox (badness 10000) in paragraph at lines 8240--8243

 []


Underfull \hbox (badness 10000) in paragraph at lines 8259--8262

 []

[141]
Underfull \hbox (badness 10000) in paragraph at lines 8280--8283

 []


Underfull \hbox (badness 10000) in paragraph at lines 8307--8310

 []


Underfull \hbox (badness 10000) in paragraph at lines 8327--8330

 []

[142]
Underfull \hbox (badness 10000) in paragraph at lines 8348--8351

 []


Underfull \hbox (badness 10000) in paragraph at lines 8368--8371

 []


Underfull \hbox (badness 10000) in paragraph at lines 8386--8389

 []

[143]
Underfull \hbox (badness 10000) in paragraph at lines 8414--8417

 []


Underfull \hbox (badness 10000) in paragraph at lines 8442--8445

 []


Underfull \hbox (badness 10000) in paragraph at lines 8465--8468

 []

[144]
Underfull \hbox (badness 10000) in paragraph at lines 8497--8500

 []


Underfull \hbox (badness 10000) in paragraph at lines 8518--8521

 []


Underfull \hbox (badness 10000) in paragraph at lines 8538--8541

 []

[145]
Underfull \hbox (badness 10000) in paragraph at lines 8558--8561

 []


Underfull \hbox (badness 10000) in paragraph at lines 8584--8587

 []


Underfull \hbox (badness 10000) in paragraph at lines 8596--8599

 []

[146]
Underfull \hbox (badness 10000) in paragraph at lines 8622--8625

 []


Underfull \hbox (badness 10000) in paragraph at lines 8648--8651

 []

[147]
Underfull \hbox (badness 10000) in paragraph at lines 8692--8695

 []


Underfull \hbox (badness 10000) in paragraph at lines 8726--8729

 []


Underfull \hbox (badness 10000) in paragraph at lines 8744--8747

 []

[148]
Underfull \hbox (badness 10000) in paragraph at lines 8768--8771

 []


Underfull \hbox (badness 10000) in paragraph at lines 8791--8794

 []

[149]
Underfull \hbox (badness 10000) in paragraph at lines 8827--8830

 []

[150]
Chapter 8.

Underfull \hbox (badness 10000) in paragraph at lines 8882--8885

 []

[151

]
Underfull \hbox (badness 10000) in paragraph at lines 8917--8920

 []


Underfull \hbox (badness 10000) in paragraph at lines 8943--8946

 []

[152]
Underfull \hbox (badness 10000) in paragraph at lines 8968--8971

 []


Underfull \hbox (badness 10000) in paragraph at lines 8993--8996

 []


Underfull \hbox (badness 10000) in paragraph at lines 9011--9014

 []


Underfull \hbox (badness 2150) in paragraph at lines 9017--9020
\T1/ptm/m/n/10.95 This is also called the (Ham-ming) dis-tance be-tween $\OML/z
tmcm/m/it/10.95 v \OT1/ztmcm/m/n/10.95 = (\OML/ztmcm/m/it/10.95 v[]; :::; v[]\O
T1/ztmcm/m/n/10.95 )$ \T1/ptm/m/n/10.95 and $\OML/ztmcm/m/it/10.95 w \OT1/ztmcm
/m/n/10.95 = (\OML/ztmcm/m/it/10.95 w[]; :::; w[]\OT1/ztmcm/m/n/10.95 )$\T1/ptm
/m/n/10.95 .
 []

[153]
Underfull \hbox (badness 10000) in paragraph at lines 9045--9048

 []


Underfull \hbox (badness 10000) in paragraph at lines 9071--9074

 []

[154] [155]
Chapter 9.
[156

] [157] [158] [159] [160] (./guava.bbl (./guava.brf)
\tf@brf=\write8
\openout8 = `guava.brf'.

 [161]
Underfull \hbox (badness 10000) in paragraph at lines 27--27
[]\T1/ptm/m/n/10.95 A. E. Brouwer.  Bounds on the min-i-mum dis-tance of lin-ea
r codes.
 []

[162

]) [163] (./guava.ind
Underfull \hbox (badness 10000) in paragraph at lines 24--26
[]\T1/cmtt/m/n/10.95 AClosest\T1/ptm/m/n/10.95 -\T1/cmtt/m/n/10.95 Vector\T1/pt
m/m/n/10.95 -\T1/cmtt/m/n/10.95 Comb..\T1/ptm/m/n/10.95 -\T1/cmtt/m/n/10.95 Mat
\T1/ptm/m/n/10.95 -\T1/cmtt/m/n/10.95 F\T1/ptm/m/n/10.95 -\T1/cmtt/m/n/10.95 F\
T1/ptm/m/n/10.95 -\T1/cmtt/m/n/10.95 E\T1/ptm/m/n/10.95 -\T1/cmtt/m/n/10.95 Vec
\T1/ptm/m/n/10.95 -\T1/cmtt/m/n/10.95 F\T1/ptm/m/n/10.95 -\T1/cmtt/m/n/10.95 F\
T1/ptm/m/n/10.95 -\T1/cmtt/m/n/10.95 E\T1/ptm/m/n/10.95 -
 []


Underfull \hbox (badness 10000) in paragraph at lines 26--28
[]\T1/cmtt/m/n/10.95 AClosest\T1/ptm/m/n/10.95 -\T1/cmtt/m/n/10.95 Vector\T1/pt
m/m/n/10.95 -\T1/cmtt/m/n/10.95 Combinations\T1/ptm/m/n/10.95 -\T1/cmtt/m/n/10.
95 Mat\T1/ptm/m/n/10.95 -\T1/cmtt/m/n/10.95 F\T1/ptm/m/n/10.95 -\T1/cmtt/m/n/10
.95 F\T1/ptm/m/n/10.95 -\T1/cmtt/m/n/10.95 E\T1/ptm/m/n/10.95 -
 []


Underfull \hbox (badness 10000) in paragraph at lines 28--30
[]\T1/cmtt/m/n/10.95 Action\T1/ptm/m/n/10.95 -\T1/cmtt/m/n/10.95 Moebius\T1/ptm
/m/n/10.95 -\T1/cmtt/m/n/10.95 Transformation\T1/ptm/m/n/10.95 -\T1/cmtt/m/n/10
.95 On\T1/ptm/m/n/10.95 -\T1/cmtt/m/n/10.95 DivisorP1
 []


Underfull \hbox (badness 10000) in paragraph at lines 30--32
[]\T1/cmtt/m/n/10.95 Action\T1/ptm/m/n/10.95 -\T1/cmtt/m/n/10.95 Moebius\T1/ptm
/m/n/10.95 -\T1/cmtt/m/n/10.95 Transformation\T1/ptm/m/n/10.95 -\T1/cmtt/m/n/10
.95 On\T1/ptm/m/n/10.95 -\T1/cmtt/m/n/10.95 Function
 []

[164


] [165]
Underfull \hbox (badness 10000) in paragraph at lines 260--262
[]\T1/cmtt/m/n/10.95 IsAction\T1/ptm/m/n/10.95 -\T1/cmtt/m/n/10.95 Moebius\T1/p
tm/m/n/10.95 -\T1/cmtt/m/n/10.95 Transformation\T1/ptm/m/n/10.95 -\T1/cmtt/m/n/
10.95 On\T1/ptm/m/n/10.95 -
 []

[166]
Underfull \hbox (badness 10000) in paragraph at lines 302--304
[]\T1/cmtt/m/n/10.95 Lower\T1/ptm/m/n/10.95 -\T1/cmtt/m/n/10.95 Bound\T1/ptm/m/
n/10.95 -\T1/cmtt/m/n/10.95 Covering\T1/ptm/m/n/10.95 -\T1/cmtt/m/n/10.95 Radiu
s\T1/ptm/m/n/10.95 -\T1/cmtt/m/n/10.95 Counting\T1/ptm/m/n/10.95 -
 []


Underfull \hbox (badness 10000) in paragraph at lines 307--309
[]\T1/cmtt/m/n/10.95 Lower\T1/ptm/m/n/10.95 -\T1/cmtt/m/n/10.95 Bound\T1/ptm/m/
n/10.95 -\T1/cmtt/m/n/10.95 Covering\T1/ptm/m/n/10.95 -\T1/cmtt/m/n/10.95 Radiu
s\T1/ptm/m/n/10.95 -\T1/cmtt/m/n/10.95 Sphere\T1/ptm/m/n/10.95 -
 []


Underfull \hbox (badness 10000) in paragraph at lines 319--321
[]\T1/cmtt/m/n/10.95 Matrix\T1/ptm/m/n/10.95 -\T1/cmtt/m/n/10.95 Representation
\T1/ptm/m/n/10.95 -\T1/cmtt/m/n/10.95 On\T1/ptm/m/n/10.95 -\T1/cmtt/m/n/10.95 R
iemann\T1/ptm/m/n/10.95 -\T1/cmtt/m/n/10.95 Roch\T1/ptm/m/n/10.95 -
 []


Underfull \hbox (badness 10000) in paragraph at lines 321--323
[]\T1/cmtt/m/n/10.95 Matrix\T1/ptm/m/n/10.95 -\T1/cmtt/m/n/10.95 Transformation
\T1/ptm/m/n/10.95 -\T1/cmtt/m/n/10.95 On\T1/ptm/m/n/10.95 -\T1/cmtt/m/n/10.95 M
ultivariate\T1/ptm/m/n/10.95 -
 []

[167]
Underfull \hbox (badness 10000) in paragraph at lines 449--451
[]\T1/cmtt/m/n/10.95 Upper\T1/ptm/m/n/10.95 -\T1/cmtt/m/n/10.95 Bound\T1/ptm/m/
n/10.95 -\T1/cmtt/m/n/10.95 Covering\T1/ptm/m/n/10.95 -\T1/cmtt/m/n/10.95 Radiu
s\T1/ptm/m/n/10.95 -\T1/cmtt/m/n/10.95 Griesmer\T1/ptm/m/n/10.95 -\T1/cmtt/m/n/
10.95 Like\T1/ptm/m/n/10.95 ,
 []

[168]) (./guava.aux) ) 
Here is how much of TeX's memory you used:
 7266 strings out of 495061
 106362 string characters out of 1182621
 177554 words of memory out of 3000000
 9427 multiletter control sequences out of 15000+50000
 94963 words of font info for 115 fonts, out of 3000000 for 9000
 28 hyphenation exceptions out of 8191
 38i,7n,36p,1328b,602s stack positions out of 5000i,500n,10000p,200000b,50000s
 </root/.texmf-var/fonts/pk/ljfour/jknappen/ec/ectt1200.6
00pk> </root/.texmf-var/fonts/pk/ljfour/jknappen/ec/ecst1095.600pk> </root/.tex
mf-var/fonts/pk/ljfour/jknappen/ec/ectt1095.600pk>{/usr/share/texmf-texlive/fon
ts/enc/dvips/base/8r.enc} </root/.texmf-var/fonts/pk/ljfour/jknappen/ec/ectt100
0.600pk></usr/share/texmf-texlive/fonts/type1/public/amsfonts/cm/cmex10.pfb></u
sr/share/texmf-texlive/fonts/type1/public/amsfonts/cm/cmmi10.pfb></usr/share/te
xmf-texlive/fonts/type1/public/amsfonts/cm/cmr10.pfb></usr/share/texmf-texlive/
fonts/type1/public/amsfonts/cm/cmsy10.pfb></usr/share/texmf-texlive/fonts/type1
/public/amsfonts/symbols/msbm10.pfb></usr/share/texmf-texlive/fonts/type1/urw/h
elvetic/uhvb8a.pfb></usr/share/texmf-texlive/fonts/type1/urw/helvetic/uhvr8a.pf
b></usr/share/texmf-texlive/fonts/type1/urw/helvetic/uhvro8a.pfb></usr/share/te
xmf-texlive/fonts/type1/urw/symbol/usyr.pfb></usr/share/texmf-texlive/fonts/typ
e1/urw/symbol/usyr.pfb></usr/share/texmf-texlive/fonts/type1/urw/times/utmb8a.p
fb></usr/share/texmf-texlive/fonts/type1/urw/times/utmr8a.pfb></usr/share/texmf
-texlive/fonts/type1/urw/times/utmri8a.pfb>
Output written on guava.pdf (168 pages, 960251 bytes).
PDF statistics:
 2838 PDF objects out of 2984 (max. 8388607)
 846 named destinations out of 1000 (max. 500000)
 401 words of extra memory for PDF output out of 10000 (max. 10000000)

