\BOOKMARK [0][-]{chapter.1}{Introduction}{}
\BOOKMARK [1][-]{section.1.1}{Introduction to the GUAVA package}{chapter.1}
\BOOKMARK [1][-]{section.1.2}{Installing GUAVA}{chapter.1}
\BOOKMARK [1][-]{section.1.3}{Loading GUAVA}{chapter.1}
\BOOKMARK [0][-]{chapter.2}{A First Tutorial in GUAVA}{}
\BOOKMARK [1][-]{section.2.1}{Working with codewords}{chapter.2}
\BOOKMARK [1][-]{section.2.2}{Calculations with codes}{chapter.2}
\BOOKMARK [0][-]{chapter.3}{Codewords}{}
\BOOKMARK [1][-]{section.3.1}{Construction of Codewords}{chapter.3}
\BOOKMARK [1][-]{section.3.2}{Comparisons of Codewords}{chapter.3}
\BOOKMARK [1][-]{section.3.3}{Arithmetic Operations for Codewords}{chapter.3}
\BOOKMARK [1][-]{section.3.4}{ Functions that Convert Codewords to Vectors or Polynomials }{chapter.3}
\BOOKMARK [1][-]{section.3.5}{ Functions that Change the Display Form of a Codeword }{chapter.3}
\BOOKMARK [1][-]{section.3.6}{ Other Codeword Functions }{chapter.3}
\BOOKMARK [0][-]{chapter.4}{Codes}{}
\BOOKMARK [1][-]{section.4.1}{Comparisons of Codes}{chapter.4}
\BOOKMARK [1][-]{section.4.2}{ Operations for Codes }{chapter.4}
\BOOKMARK [1][-]{section.4.3}{ Boolean Functions for Codes }{chapter.4}
\BOOKMARK [1][-]{section.4.4}{ Equivalence and Isomorphism of Codes }{chapter.4}
\BOOKMARK [1][-]{section.4.5}{ Domain Functions for Codes }{chapter.4}
\BOOKMARK [1][-]{section.4.6}{ Printing and Displaying Codes }{chapter.4}
\BOOKMARK [1][-]{section.4.7}{ Generating \(Check\) Matrices and Polynomials }{chapter.4}
\BOOKMARK [1][-]{section.4.8}{ Parameters of Codes }{chapter.4}
\BOOKMARK [1][-]{section.4.9}{ Distributions }{chapter.4}
\BOOKMARK [1][-]{section.4.10}{ Decoding Functions }{chapter.4}
\BOOKMARK [0][-]{chapter.5}{Generating Codes}{}
\BOOKMARK [1][-]{section.5.1}{ Generating Unrestricted Codes }{chapter.5}
\BOOKMARK [1][-]{section.5.2}{ Generating Linear Codes }{chapter.5}
\BOOKMARK [1][-]{section.5.3}{ Gabidulin Codes }{chapter.5}
\BOOKMARK [1][-]{section.5.4}{ Golay Codes }{chapter.5}
\BOOKMARK [1][-]{section.5.5}{ Generating Cyclic Codes }{chapter.5}
\BOOKMARK [1][-]{section.5.6}{ Evaluation Codes }{chapter.5}
\BOOKMARK [1][-]{section.5.7}{ Algebraic geometric codes }{chapter.5}
\BOOKMARK [1][-]{section.5.8}{ Low-Density Parity-Check Codes }{chapter.5}
\BOOKMARK [0][-]{chapter.6}{Manipulating Codes}{}
\BOOKMARK [1][-]{section.6.1}{ Functions that Generate a New Code from a Given Code }{chapter.6}
\BOOKMARK [1][-]{section.6.2}{ Functions that Generate a New Code from Two or More Given Codes }{chapter.6}
\BOOKMARK [0][-]{chapter.7}{ Bounds on codes, special matrices and miscellaneous functions }{}
\BOOKMARK [1][-]{section.7.1}{ Distance bounds on codes }{chapter.7}
\BOOKMARK [1][-]{section.7.2}{ Covering radius bounds on codes }{chapter.7}
\BOOKMARK [1][-]{section.7.3}{ Special matrices in GUAVA }{chapter.7}
\BOOKMARK [1][-]{section.7.4}{ Some functions related to the norm of a code }{chapter.7}
\BOOKMARK [1][-]{section.7.5}{ Miscellaneous functions }{chapter.7}
\BOOKMARK [1][-]{section.7.6}{ Miscellaneous polynomial functions }{chapter.7}
\BOOKMARK [0][-]{chapter.8}{Coding theory functions in GAP}{}
\BOOKMARK [1][-]{section.8.1}{ Distance functions }{chapter.8}
\BOOKMARK [1][-]{section.8.2}{ Other functions }{chapter.8}
\BOOKMARK [0][-]{chapter.9}{ GNU Free Documentation License }{}
\BOOKMARK [0][-]{chapter*.4}{References}{}
\BOOKMARK [0][-]{section*.5}{Index}{}
