This file contains any messages produced by compilers while
running configure, to aid debugging if configure makes a mistake.

It was created by leon configure 1.0, which was
generated by GNU Autoconf 2.69.  Invocation command line was

  $ ./configure 

## --------- ##
## Platform. ##
## --------- ##

hostname = Elemenopi
uname -m = x86_64
uname -r = 3.13.0-74-generic
uname -s = Linux
uname -v = #118-Ubuntu SMP Thu Dec 17 22:52:10 UTC 2015

/usr/bin/uname -p = unknown
/bin/uname -X     = unknown

/bin/arch              = unknown
/usr/bin/arch -k       = unknown
/usr/convex/getsysinfo = unknown
/usr/bin/hostinfo      = unknown
/bin/machine           = unknown
/usr/bin/oslevel       = unknown
/bin/universe          = unknown

PATH: /home/fields/bin
PATH: /usr/local/sbin
PATH: /usr/local/bin
PATH: /usr/sbin
PATH: /usr/bin
PATH: /sbin
PATH: /bin
PATH: /usr/games
PATH: /usr/local/games


## ----------- ##
## Core tests. ##
## ----------- ##

configure:2165: checking for a BSD-compatible install
configure:2233: result: /usr/bin/install -c
configure:2244: checking whether build environment is sane
configure:2299: result: yes
configure:2450: checking for a thread-safe mkdir -p
configure:2489: result: /bin/mkdir -p
configure:2496: checking for gawk
configure:2512: found /usr/bin/gawk
configure:2523: result: gawk
configure:2534: checking whether make sets $(MAKE)
configure:2556: result: yes
configure:2585: checking whether make supports nested variables
configure:2602: result: yes
configure:2741: checking for style of include used by make
configure:2769: result: GNU
configure:2840: checking for gcc
configure:2856: found /usr/bin/gcc
configure:2867: result: gcc
configure:3096: checking for C compiler version
configure:3105: gcc --version >&5
gcc (Ubuntu 4.8.4-2ubuntu1~14.04) 4.8.4
Copyright (C) 2013 Free Software Foundation, Inc.
This is free software; see the source for copying conditions.  There is NO
warranty; not even for MERCHANTABILITY or FITNESS FOR A PARTICULAR PURPOSE.

configure:3116: $? = 0
configure:3105: gcc -v >&5
Using built-in specs.
COLLECT_GCC=gcc
COLLECT_LTO_WRAPPER=/usr/lib/gcc/x86_64-linux-gnu/4.8/lto-wrapper
Target: x86_64-linux-gnu
Configured with: ../src/configure -v --with-pkgversion='Ubuntu 4.8.4-2ubuntu1~14.04' --with-bugurl=file:///usr/share/doc/gcc-4.8/README.Bugs --enable-languages=c,c++,java,go,d,fortran,objc,obj-c++ --prefix=/usr --program-suffix=-4.8 --enable-shared --enable-linker-build-id --libexecdir=/usr/lib --without-included-gettext --enable-threads=posix --with-gxx-include-dir=/usr/include/c++/4.8 --libdir=/usr/lib --enable-nls --with-sysroot=/ --enable-clocale=gnu --enable-libstdcxx-debug --enable-libstdcxx-time=yes --enable-gnu-unique-object --disable-libmudflap --enable-plugin --with-system-zlib --disable-browser-plugin --enable-java-awt=gtk --enable-gtk-cairo --with-java-home=/usr/lib/jvm/java-1.5.0-gcj-4.8-amd64/jre --enable-java-home --with-jvm-root-dir=/usr/lib/jvm/java-1.5.0-gcj-4.8-amd64 --with-jvm-jar-dir=/usr/lib/jvm-exports/java-1.5.0-gcj-4.8-amd64 --with-arch-directory=amd64 --with-ecj-jar=/usr/share/java/eclipse-ecj.jar --enable-objc-gc --enable-multiarch --disable-werror --with-arch-32=i686 --with-abi=m64 --with-multilib-list=m32,m64,mx32 --with-tune=generic --enable-checking=release --build=x86_64-linux-gnu --host=x86_64-linux-gnu --target=x86_64-linux-gnu
Thread model: posix
gcc version 4.8.4 (Ubuntu 4.8.4-2ubuntu1~14.04) 
configure:3116: $? = 0
configure:3105: gcc -V >&5
gcc: error: unrecognized command line option '-V'
gcc: fatal error: no input files
compilation terminated.
configure:3116: $? = 4
configure:3105: gcc -qversion >&5
gcc: error: unrecognized command line option '-qversion'
gcc: fatal error: no input files
compilation terminated.
configure:3116: $? = 4
configure:3136: checking whether the C compiler works
configure:3158: gcc    conftest.c  >&5
configure:3162: $? = 0
configure:3210: result: yes
configure:3213: checking for C compiler default output file name
configure:3215: result: a.out
configure:3221: checking for suffix of executables
configure:3228: gcc -o conftest    conftest.c  >&5
configure:3232: $? = 0
configure:3254: result: 
configure:3276: checking whether we are cross compiling
configure:3284: gcc -o conftest    conftest.c  >&5
configure:3288: $? = 0
configure:3295: ./conftest
configure:3299: $? = 0
configure:3314: result: no
configure:3319: checking for suffix of object files
configure:3341: gcc -c   conftest.c >&5
configure:3345: $? = 0
configure:3366: result: o
configure:3370: checking whether we are using the GNU C compiler
configure:3389: gcc -c   conftest.c >&5
configure:3389: $? = 0
configure:3398: result: yes
configure:3407: checking whether gcc accepts -g
configure:3427: gcc -c -g  conftest.c >&5
configure:3427: $? = 0
configure:3468: result: yes
configure:3485: checking for gcc option to accept ISO C89
configure:3548: gcc  -c -g -O2  conftest.c >&5
configure:3548: $? = 0
configure:3561: result: none needed
configure:3586: checking whether gcc understands -c and -o together
configure:3608: gcc -c conftest.c -o conftest2.o
configure:3611: $? = 0
configure:3608: gcc -c conftest.c -o conftest2.o
configure:3611: $? = 0
configure:3623: result: yes
configure:3642: checking dependency style of gcc
configure:3753: result: none
configure:3774: checking how to run the C preprocessor
configure:3805: gcc -E  conftest.c
configure:3805: $? = 0
configure:3819: gcc -E  conftest.c
conftest.c:11:28: fatal error: ac_nonexistent.h: No such file or directory
 #include <ac_nonexistent.h>
                            ^
compilation terminated.
configure:3819: $? = 1
configure: failed program was:
| /* confdefs.h */
| #define PACKAGE_NAME "leon"
| #define PACKAGE_TARNAME "leon"
| #define PACKAGE_VERSION "1.0"
| #define PACKAGE_STRING "leon 1.0"
| #define PACKAGE_BUGREPORT ""
| #define PACKAGE_URL ""
| #define PACKAGE "leon"
| #define VERSION "1.0"
| /* end confdefs.h.  */
| #include <ac_nonexistent.h>
configure:3844: result: gcc -E
configure:3864: gcc -E  conftest.c
configure:3864: $? = 0
configure:3878: gcc -E  conftest.c
conftest.c:11:28: fatal error: ac_nonexistent.h: No such file or directory
 #include <ac_nonexistent.h>
                            ^
compilation terminated.
configure:3878: $? = 1
configure: failed program was:
| /* confdefs.h */
| #define PACKAGE_NAME "leon"
| #define PACKAGE_TARNAME "leon"
| #define PACKAGE_VERSION "1.0"
| #define PACKAGE_STRING "leon 1.0"
| #define PACKAGE_BUGREPORT ""
| #define PACKAGE_URL ""
| #define PACKAGE "leon"
| #define VERSION "1.0"
| /* end confdefs.h.  */
| #include <ac_nonexistent.h>
configure:3907: checking for grep that handles long lines and -e
configure:3965: result: /bin/grep
configure:3970: checking for egrep
configure:4032: result: /bin/grep -E
configure:4037: checking for ANSI C header files
configure:4057: gcc -c -g -O2  conftest.c >&5
configure:4057: $? = 0
configure:4130: gcc -o conftest -g -O2   conftest.c  >&5
configure:4130: $? = 0
configure:4130: ./conftest
configure:4130: $? = 0
configure:4141: result: yes
configure:4154: checking for sys/types.h
configure:4154: gcc -c -g -O2  conftest.c >&5
configure:4154: $? = 0
configure:4154: result: yes
configure:4154: checking for sys/stat.h
configure:4154: gcc -c -g -O2  conftest.c >&5
configure:4154: $? = 0
configure:4154: result: yes
configure:4154: checking for stdlib.h
configure:4154: gcc -c -g -O2  conftest.c >&5
configure:4154: $? = 0
configure:4154: result: yes
configure:4154: checking for string.h
configure:4154: gcc -c -g -O2  conftest.c >&5
configure:4154: $? = 0
configure:4154: result: yes
configure:4154: checking for memory.h
configure:4154: gcc -c -g -O2  conftest.c >&5
configure:4154: $? = 0
configure:4154: result: yes
configure:4154: checking for strings.h
configure:4154: gcc -c -g -O2  conftest.c >&5
configure:4154: $? = 0
configure:4154: result: yes
configure:4154: checking for inttypes.h
configure:4154: gcc -c -g -O2  conftest.c >&5
configure:4154: $? = 0
configure:4154: result: yes
configure:4154: checking for stdint.h
configure:4154: gcc -c -g -O2  conftest.c >&5
configure:4154: $? = 0
configure:4154: result: yes
configure:4154: checking for unistd.h
configure:4154: gcc -c -g -O2  conftest.c >&5
configure:4154: $? = 0
configure:4154: result: yes
configure:4170: checking size of int
configure:4175: gcc -o conftest -g -O2   conftest.c  >&5
configure:4175: $? = 0
configure:4175: ./conftest
configure:4175: $? = 0
configure:4189: result: 4
configure:4250: checking for gcc
configure:4277: result: gcc
configure:4506: checking for C compiler version
configure:4515: gcc --version >&5
gcc (Ubuntu 4.8.4-2ubuntu1~14.04) 4.8.4
Copyright (C) 2013 Free Software Foundation, Inc.
This is free software; see the source for copying conditions.  There is NO
warranty; not even for MERCHANTABILITY or FITNESS FOR A PARTICULAR PURPOSE.

configure:4526: $? = 0
configure:4515: gcc -v >&5
Using built-in specs.
COLLECT_GCC=gcc
COLLECT_LTO_WRAPPER=/usr/lib/gcc/x86_64-linux-gnu/4.8/lto-wrapper
Target: x86_64-linux-gnu
Configured with: ../src/configure -v --with-pkgversion='Ubuntu 4.8.4-2ubuntu1~14.04' --with-bugurl=file:///usr/share/doc/gcc-4.8/README.Bugs --enable-languages=c,c++,java,go,d,fortran,objc,obj-c++ --prefix=/usr --program-suffix=-4.8 --enable-shared --enable-linker-build-id --libexecdir=/usr/lib --without-included-gettext --enable-threads=posix --with-gxx-include-dir=/usr/include/c++/4.8 --libdir=/usr/lib --enable-nls --with-sysroot=/ --enable-clocale=gnu --enable-libstdcxx-debug --enable-libstdcxx-time=yes --enable-gnu-unique-object --disable-libmudflap --enable-plugin --with-system-zlib --disable-browser-plugin --enable-java-awt=gtk --enable-gtk-cairo --with-java-home=/usr/lib/jvm/java-1.5.0-gcj-4.8-amd64/jre --enable-java-home --with-jvm-root-dir=/usr/lib/jvm/java-1.5.0-gcj-4.8-amd64 --with-jvm-jar-dir=/usr/lib/jvm-exports/java-1.5.0-gcj-4.8-amd64 --with-arch-directory=amd64 --with-ecj-jar=/usr/share/java/eclipse-ecj.jar --enable-objc-gc --enable-multiarch --disable-werror --with-arch-32=i686 --with-abi=m64 --with-multilib-list=m32,m64,mx32 --with-tune=generic --enable-checking=release --build=x86_64-linux-gnu --host=x86_64-linux-gnu --target=x86_64-linux-gnu
Thread model: posix
gcc version 4.8.4 (Ubuntu 4.8.4-2ubuntu1~14.04) 
configure:4526: $? = 0
configure:4515: gcc -V >&5
gcc: error: unrecognized command line option '-V'
gcc: fatal error: no input files
compilation terminated.
configure:4526: $? = 4
configure:4515: gcc -qversion >&5
gcc: error: unrecognized command line option '-qversion'
gcc: fatal error: no input files
compilation terminated.
configure:4526: $? = 4
configure:4530: checking whether we are using the GNU C compiler
configure:4558: result: yes
configure:4567: checking whether gcc accepts -g
configure:4628: result: yes
configure:4645: checking for gcc option to accept ISO C89
configure:4721: result: none needed
configure:4746: checking whether gcc understands -c and -o together
configure:4783: result: yes
configure:4802: checking dependency style of gcc
configure:4913: result: none
configure:4934: checking whether make sets $(MAKE)
configure:4956: result: yes
configure:4966: checking for ANSI C header files
configure:5070: result: yes
configure:5191: checking that generated files are newer than configure
configure:5197: result: done
configure:5224: creating ./config.status

## ---------------------- ##
## Running config.status. ##
## ---------------------- ##

This file was extended by leon config.status 1.0, which was
generated by GNU Autoconf 2.69.  Invocation command line was

  CONFIG_FILES    = 
  CONFIG_HEADERS  = 
  CONFIG_LINKS    = 
  CONFIG_COMMANDS = 
  $ ./config.status 

on Elemenopi

config.status:854: creating Makefile
config.status:854: creating src/leon_config.h
config.status:1035: src/leon_config.h is unchanged
config.status:1083: executing depfiles commands

## ---------------- ##
## Cache variables. ##
## ---------------- ##

ac_cv_c_compiler_gnu=yes
ac_cv_env_CC_set=
ac_cv_env_CC_value=
ac_cv_env_CFLAGS_set=
ac_cv_env_CFLAGS_value=
ac_cv_env_CPPFLAGS_set=
ac_cv_env_CPPFLAGS_value=
ac_cv_env_CPP_set=
ac_cv_env_CPP_value=
ac_cv_env_LDFLAGS_set=
ac_cv_env_LDFLAGS_value=
ac_cv_env_LIBS_set=
ac_cv_env_LIBS_value=
ac_cv_env_build_alias_set=
ac_cv_env_build_alias_value=
ac_cv_env_host_alias_set=
ac_cv_env_host_alias_value=
ac_cv_env_target_alias_set=
ac_cv_env_target_alias_value=
ac_cv_header_inttypes_h=yes
ac_cv_header_memory_h=yes
ac_cv_header_stdc=yes
ac_cv_header_stdint_h=yes
ac_cv_header_stdlib_h=yes
ac_cv_header_string_h=yes
ac_cv_header_strings_h=yes
ac_cv_header_sys_stat_h=yes
ac_cv_header_sys_types_h=yes
ac_cv_header_unistd_h=yes
ac_cv_objext=o
ac_cv_path_EGREP='/bin/grep -E'
ac_cv_path_GREP=/bin/grep
ac_cv_path_install='/usr/bin/install -c'
ac_cv_path_mkdir=/bin/mkdir
ac_cv_prog_AWK=gawk
ac_cv_prog_CPP='gcc -E'
ac_cv_prog_ac_ct_CC=gcc
ac_cv_prog_cc_c89=
ac_cv_prog_cc_g=yes
ac_cv_prog_make_make_set=yes
ac_cv_sizeof_int=4
am_cv_CC_dependencies_compiler_type=none
am_cv_make_support_nested_variables=yes
am_cv_prog_cc_c_o=yes

## ----------------- ##
## Output variables. ##
## ----------------- ##

ACLOCAL='${SHELL} /usr/lib/gap4r7/pkg/guava-3.13/src/leon/missing aclocal-1.14'
AMDEPBACKSLASH='\'
AMDEP_FALSE='#'
AMDEP_TRUE=''
AMTAR='$${TAR-tar}'
AM_BACKSLASH='\'
AM_DEFAULT_V='$(AM_DEFAULT_VERBOSITY)'
AM_DEFAULT_VERBOSITY='1'
AM_V='$(V)'
AUTOCONF='${SHELL} /usr/lib/gap4r7/pkg/guava-3.13/src/leon/missing autoconf'
AUTOHEADER='${SHELL} /usr/lib/gap4r7/pkg/guava-3.13/src/leon/missing autoheader'
AUTOMAKE='${SHELL} /usr/lib/gap4r7/pkg/guava-3.13/src/leon/missing automake-1.14'
AWK='gawk'
CC='gcc'
CCDEPMODE='depmode=none'
CFLAGS='-g -O2'
CPP='gcc -E'
CPPFLAGS=''
CYGPATH_W='echo'
DEFS='-DHAVE_CONFIG_H'
DEPDIR='.deps'
ECHO_C=''
ECHO_N='-n'
ECHO_T=''
EGREP='/bin/grep -E'
EXEEXT=''
GREP='/bin/grep'
INSTALL_DATA='${INSTALL} -m 644'
INSTALL_PROGRAM='${INSTALL}'
INSTALL_SCRIPT='${INSTALL}'
INSTALL_STRIP_PROGRAM='$(install_sh) -c -s'
LDFLAGS=''
LIBOBJS=''
LIBS=''
LTLIBOBJS=''
MAKEINFO='${SHELL} /usr/lib/gap4r7/pkg/guava-3.13/src/leon/missing makeinfo'
MKDIR_P='/bin/mkdir -p'
OBJEXT='o'
PACKAGE='leon'
PACKAGE_BUGREPORT=''
PACKAGE_NAME='leon'
PACKAGE_STRING='leon 1.0'
PACKAGE_TARNAME='leon'
PACKAGE_URL=''
PACKAGE_VERSION='1.0'
PATH_SEPARATOR=':'
SET_MAKE=''
SHELL='/bin/bash'
STRIP=''
VERSION='1.0'
ac_ct_CC='gcc'
am__EXEEXT_FALSE=''
am__EXEEXT_TRUE='#'
am__fastdepCC_FALSE=''
am__fastdepCC_TRUE='#'
am__include='include'
am__isrc=''
am__leading_dot='.'
am__nodep='_no'
am__quote=''
am__tar='$${TAR-tar} chof - "$$tardir"'
am__untar='$${TAR-tar} xf -'
bindir='${exec_prefix}/bin'
build_alias=''
datadir='${datarootdir}'
datarootdir='${prefix}/share'
docdir='${datarootdir}/doc/${PACKAGE_TARNAME}'
dvidir='${docdir}'
exec_prefix='${prefix}'
host_alias=''
htmldir='${docdir}'
includedir='${prefix}/include'
infodir='${datarootdir}/info'
install_sh='${SHELL} /usr/lib/gap4r7/pkg/guava-3.13/src/leon/install-sh'
libdir='${exec_prefix}/lib'
libexecdir='${exec_prefix}/libexec'
localedir='${datarootdir}/locale'
localstatedir='${prefix}/var'
mandir='${datarootdir}/man'
mkdir_p='$(MKDIR_P)'
oldincludedir='/usr/include'
pdfdir='${docdir}'
prefix='/usr/local'
program_transform_name='s,x,x,'
psdir='${docdir}'
sbindir='${exec_prefix}/sbin'
sharedstatedir='${prefix}/com'
sysconfdir='${prefix}/etc'
target_alias=''

## ----------- ##
## confdefs.h. ##
## ----------- ##

/* confdefs.h */
#define PACKAGE_NAME "leon"
#define PACKAGE_TARNAME "leon"
#define PACKAGE_VERSION "1.0"
#define PACKAGE_STRING "leon 1.0"
#define PACKAGE_BUGREPORT ""
#define PACKAGE_URL ""
#define PACKAGE "leon"
#define VERSION "1.0"
#define STDC_HEADERS 1
#define HAVE_SYS_TYPES_H 1
#define HAVE_SYS_STAT_H 1
#define HAVE_STDLIB_H 1
#define HAVE_STRING_H 1
#define HAVE_MEMORY_H 1
#define HAVE_STRINGS_H 1
#define HAVE_INTTYPES_H 1
#define HAVE_STDINT_H 1
#define HAVE_UNISTD_H 1
#define SIZEOF_INT 4
#define STDC_HEADERS 1

configure: exit 0
